#
# A fatal error has been detected by the Java Runtime Environment:
#
#  EXCEPTION_ACCESS_VIOLATION (0xc0000005) at pc=0x00007ffa3811cd80, pid=18360, tid=22716
#
# JRE version: OpenJDK Runtime Environment Temurin-17.0.2+8 (17.0.2+8) (build 17.0.2+8)
# Java VM: OpenJDK 64-Bit Server VM Temurin-17.0.2+8 (17.0.2+8, mixed mode, emulated-client, tiered, compressed oops, compressed class ptrs, g1 gc, windows-amd64)
# Problematic frame:
# V  [jvm.dll+0x6ccd80]
#
# No core dump will be written. Minidumps are not enabled by default on client versions of Windows
#
# If you would like to submit a bug report, please visit:
#   https://github.com/adoptium/adoptium-support/issues
#

---------------  S U M M A R Y ------------

Command Line: -XX:+ShowCodeDetailsInExceptionMessages -agentlib:jdwp=transport=dt_socket,suspend=y,address=localhost:7768 -Dcom.sun.management.jmxremote -Dcom.sun.management.jmxremote.port=7764 -Dcom.sun.management.jmxremote.authenticate=false -Dcom.sun.management.jmxremote.ssl=false -Djava.rmi.server.hostname=localhost -Dspring.jmx.enabled=true -Dspring.application.admin.enabled=true -XX:TieredStopAtLevel=1 -Dspring.boot.project.name=Brewmap -javaagent:D:\dev\tools\eclipse\spring-tool-suite-4-4.14.0.RELEASE-e4.23.0-win32.win32.x86_64.self-extracting\sts-4.14.0.RELEASE\configuration\org.eclipse.osgi\265\0\.cp\lib\javaagent-shaded.jar -Dfile.encoding=utf-8 com.brew.MyProApplication --spring.output.ansi.enabled=always

Host: AMD Ryzen 7 2700X Eight-Core Processor         , 16 cores, 31G,  Windows 10 , 64 bit Build 19041 (10.0.19041.1645)
Time: Thu Apr 21 23:15:38 2022  Windows 10 , 64 bit Build 19041 (10.0.19041.1645) elapsed time: 341.865563 seconds (0d 0h 5m 41s)

---------------  T H R E A D  ---------------

Current thread (0x0000019dd9ee58c0):  JavaThread "JDWP Transport Listener: dt_socket" daemon [_thread_in_vm, id=22716, stack(0x00000073ac700000,0x00000073ac800000)]

Stack: [0x00000073ac700000,0x00000073ac800000],  sp=0x00000073ac7fef70,  free space=1019k
Native frames: (J=compiled Java code, j=interpreted, Vv=VM code, C=native code)
V  [jvm.dll+0x6ccd80]
V  [jvm.dll+0x6cc6d0]
V  [jvm.dll+0x6cb9b5]
V  [jvm.dll+0x6cc41f]
V  [jvm.dll+0x52bedb]
V  [jvm.dll+0x52b350]
V  [jvm.dll+0x836df4]
V  [jvm.dll+0x50ce64]
V  [jvm.dll+0x4d1540]
C  [jdwp.dll+0xa4d4]


siginfo: EXCEPTION_ACCESS_VIOLATION (0xc0000005), reading address 0x0000000000000006


Register to memory mapping:

RIP=0x00007ffa3811cd80 jvm.dll
RAX=0x0 is NULL
RBX=0x000000000000006d is an unknown value
RCX=0x0 is NULL
RDX=0x0 is NULL
RSP=0x00000073ac7fef70 is pointing into the stack for thread: 0x0000019dd9ee58c0
RBP=0x00000073ac7fefc1 is pointing into the stack for thread: 0x0000019dd9ee58c0
RSI=0x0000000000000002 is an unknown value
RDI=0x0000019de0dfe55c is pointing into metadata
R8 =0x000000000000006d is an unknown value
R9 =0x0000019ddd206070 is pointing into metadata
R10=0x0000019de0dfdbed is pointing into metadata
R11=0x00000073ac7ff018 is pointing into the stack for thread: 0x0000019dd9ee58c0
R12=0x00000073ac7ff250 is pointing into the stack for thread: 0x0000019dd9ee58c0
R13=0x0 is NULL
R14=0x0 is NULL
R15=0x0000000000000004 is an unknown value


Registers:
RAX=0x0000000000000000, RBX=0x000000000000006d, RCX=0x0000000000000000, RDX=0x0000000000000000
RSP=0x00000073ac7fef70, RBP=0x00000073ac7fefc1, RSI=0x0000000000000002, RDI=0x0000019de0dfe55c
R8 =0x000000000000006d, R9 =0x0000019ddd206070, R10=0x0000019de0dfdbed, R11=0x00000073ac7ff018
R12=0x00000073ac7ff250, R13=0x0000000000000000, R14=0x0000000000000000, R15=0x0000000000000004
RIP=0x00007ffa3811cd80, EFLAGS=0x0000000000010206

Top of Stack: (sp=0x00000073ac7fef70)
0x00000073ac7fef70:   00000073ac7ff2a0 0000000000000063
0x00000073ac7fef80:   0000000000000000 0000000000000000
0x00000073ac7fef90:   00000000da9f4200 00007ffa00000004
0x00000073ac7fefa0:   00000073ac7ff250 0000000000000018
0x00000073ac7fefb0:   0000000000000000 000000000000000a
0x00000073ac7fefc0:   0000019dd9ee58c0 00007ffa3811be19
0x00000073ac7fefd0:   00000073ac7ff250 0000019de0dfe558
0x00000073ac7fefe0:   0000019dd9cf7bf8 0000019dd9ee58c0
0x00000073ac7feff0:   0000019dd9ed9ed0 00000000000003d8
0x00000073ac7ff000:   0000000000000002 00000073ac7ff250
0x00000073ac7ff010:   00000073ac7ff098 00007ffa3811c6d0
0x00000073ac7ff020:   0000019dd9ee58c0 0000019dd9ee58c0
0x00000073ac7ff030:   0000019de0dfd690 0000000000000000
0x00000073ac7ff040:   00000073ac7ff0d0 0000000000000000
0x00000073ac7ff050:   0000000000000000 0000000000000000
0x00000073ac7ff060:   0000000000000000 00007ffa37d9a565 

Instructions: (pc=0x00007ffa3811cd80)
0x00007ffa3811cc80:   0f 85 94 00 00 00 0f b7 07 49 8d 9c 24 b8 00 00
0x00007ffa3811cc90:   00 8b 13 66 c1 c8 08 44 0f b7 f0 3b 53 04 75 0a
0x00007ffa3811cca0:   48 8b cb e8 a8 c5 9e ff 8b 13 8d 42 01 48 63 ca
0x00007ffa3811ccb0:   89 03 48 8b 43 08 44 89 34 88 49 8b cc 41 8b 9c
0x00007ffa3811ccc0:   24 e0 00 00 00 03 da 41 8b d6 44 8b c3 e8 5e f0
0x00007ffa3811ccd0:   ff ff f7 d3 48 8d 55 ff 89 1f 44 8b f0 49 8b 8c
0x00007ffa3811cce0:   24 d0 00 00 00 e8 26 dd 93 ff 49 8b 9c 24 d8 00
0x00007ffa3811ccf0:   00 00 8b 0b 3b 4b 04 75 0c 8b d1 48 8b cb e8 4d
0x00007ffa3811cd00:   c5 9e ff 8b 0b 8d 41 01 48 63 c9 89 03 48 8b 43
0x00007ffa3811cd10:   08 44 89 34 88 e9 c1 fd ff ff 8b 07 f7 d0 41 2b
0x00007ffa3811cd20:   44 24 38 48 63 c8 49 8b 84 24 c0 00 00 00 8b 14
0x00007ffa3811cd30:   88 66 c1 ca 08 c7 07 00 00 00 00 66 89 17 e9 98
0x00007ffa3811cd40:   fd ff ff 80 7d 77 00 75 61 49 8b 44 24 08 41 0f
0x00007ffa3811cd50:   b6 54 3e 01 8b da 48 8b 48 08 0f b6 44 11 04 8d
0x00007ffa3811cd60:   48 f1 80 f9 01 76 2e 3c 08 74 2a 3c 11 0f 85 68
0x00007ffa3811cd70:   fd ff ff 49 8b 4c 24 08 41 b0 01 e8 e0 ff b6 ff
0x00007ffa3811cd80:   0f be 48 06 e8 d7 04 08 00 83 c0 f4 83 f8 01 0f
0x00007ffa3811cd90:   87 46 fd ff ff 49 8b 44 24 58 8b 0c 98 c6 07 e6
0x00007ffa3811cda0:   41 88 4c 3e 01 e9 31 fd ff ff 80 3f e6 0f 85 28
0x00007ffa3811cdb0:   fd ff ff 41 0f b6 4c 3e 01 49 8b 44 24 70 8b 14
0x00007ffa3811cdc0:   88 c6 07 12 41 88 54 3e 01 e9 0d fd ff ff 80 7d
0x00007ffa3811cdd0:   77 00 75 69 41 0f b7 44 3e 01 66 c1 c8 08 0f b7
0x00007ffa3811cde0:   d0 49 8b 44 24 08 8b da 48 8b 48 08 0f b6 44 11
0x00007ffa3811cdf0:   04 8d 48 f1 80 f9 01 76 2e 3c 08 74 2a 3c 11 0f
0x00007ffa3811ce00:   85 d6 fc ff ff 49 8b 4c 24 08 41 b0 01 e8 4e ff
0x00007ffa3811ce10:   b6 ff 0f be 48 06 e8 45 04 08 00 83 c0 f4 83 f8
0x00007ffa3811ce20:   01 0f 87 b4 fc ff ff 49 8b 44 24 58 8b 0c 98 c6
0x00007ffa3811ce30:   07 e7 66 41 89 4c 3e 01 e9 9e fc ff ff 80 3f e7
0x00007ffa3811ce40:   0f 85 95 fc ff ff 41 0f b7 4c 3e 01 49 8b 44 24
0x00007ffa3811ce50:   70 8b 14 88 66 c1 ca 08 c6 07 13 66 41 89 54 3e
0x00007ffa3811ce60:   01 e9 75 fc ff ff 8b 7d d3 ff c7 89 7d d3 e9 6b
0x00007ffa3811ce70:   fc ff ff 8b 7d d3 b2 01 88 55 cf e9 62 fc ff ff 


Stack slot to memory mapping:
stack at sp + 0 slots: 0x00000073ac7ff2a0 is pointing into the stack for thread: 0x0000019dd9ee58c0
stack at sp + 1 slots: 0x0000000000000063 is an unknown value
stack at sp + 2 slots: 0x0 is NULL
stack at sp + 3 slots: 0x0 is NULL
stack at sp + 4 slots: 0x00000000da9f4200 is an unknown value
stack at sp + 5 slots: 0x00007ffa00000004 is an unknown value
stack at sp + 6 slots: 0x00000073ac7ff250 is pointing into the stack for thread: 0x0000019dd9ee58c0
stack at sp + 7 slots: 0x0000000000000018 is an unknown value


---------------  P R O C E S S  ---------------

Threads class SMR info:
_java_thread_list=0x0000019ddb6504a0, length=44, elements={
0x0000019dd9c6b250, 0x0000019dd9c67020, 0x0000019dd9caeac0, 0x0000019dd9c91a90,
0x0000019dd9c94390, 0x0000019dd9c98240, 0x0000019dd9cd1740, 0x0000019dd9cdafb0,
0x0000019dd8fdf900, 0x0000019dd9ee58c0, 0x0000019dd9ee8770, 0x0000019dd9eebe70,
0x0000019dda73fc20, 0x0000019dda8b2c50, 0x0000019dda8c1610, 0x0000019dda9b7c00,
0x0000019ddb7ddbf0, 0x0000019ddb7ff330, 0x0000019ddb7fdb20, 0x0000019ddddb3b70,
0x0000019de0114f90, 0x0000019de0115e00, 0x0000019de011a630, 0x0000019de0116c70,
0x0000019de011a160, 0x0000019de01162d0, 0x0000019ddaa37e00, 0x0000019ddaa3bac0,
0x0000019de011afd0, 0x0000019de0117ae0, 0x0000019de01167a0, 0x0000019de011b4a0,
0x0000019de0117140, 0x0000019de01197c0, 0x0000019de0117610, 0x0000019de0117fb0,
0x0000019de0118e20, 0x0000019de011c310, 0x0000019de011b970, 0x0000019de011c7e0,
0x0000019de0115930, 0x0000019ddb7fdff0, 0x0000019ddb8001a0, 0x0000019ddb7fc7e0
}

Java Threads: ( => current thread )
  0x0000019dd9c6b250 JavaThread "Reference Handler" daemon [_thread_blocked, id=31816, stack(0x00000073abd00000,0x00000073abe00000)]
  0x0000019dd9c67020 JavaThread "Finalizer" daemon [_thread_blocked, id=25776, stack(0x00000073abe00000,0x00000073abf00000)]
  0x0000019dd9caeac0 JavaThread "Signal Dispatcher" daemon [_thread_blocked, id=27544, stack(0x00000073abf00000,0x00000073ac000000)]
  0x0000019dd9c91a90 JavaThread "Attach Listener" daemon [_thread_blocked, id=22428, stack(0x00000073ac000000,0x00000073ac100000)]
  0x0000019dd9c94390 JavaThread "Service Thread" daemon [_thread_blocked, id=23592, stack(0x00000073ac100000,0x00000073ac200000)]
  0x0000019dd9c98240 JavaThread "Monitor Deflation Thread" daemon [_thread_blocked, id=3996, stack(0x00000073ac200000,0x00000073ac300000)]
  0x0000019dd9cd1740 JavaThread "C1 CompilerThread0" daemon [_thread_blocked, id=22864, stack(0x00000073ac300000,0x00000073ac400000)]
  0x0000019dd9cdafb0 JavaThread "Sweeper thread" daemon [_thread_blocked, id=20436, stack(0x00000073ac400000,0x00000073ac500000)]
  0x0000019dd8fdf900 JavaThread "Common-Cleaner" daemon [_thread_blocked, id=28960, stack(0x00000073ac500000,0x00000073ac600000)]
=>0x0000019dd9ee58c0 JavaThread "JDWP Transport Listener: dt_socket" daemon [_thread_in_vm, id=22716, stack(0x00000073ac700000,0x00000073ac800000)]
  0x0000019dd9ee8770 JavaThread "JDWP Event Helper Thread" daemon [_thread_blocked, id=10180, stack(0x00000073ac800000,0x00000073ac900000)]
  0x0000019dd9eebe70 JavaThread "JDWP Command Reader" daemon [_thread_in_native, id=18568, stack(0x00000073ac900000,0x00000073aca00000)]
  0x0000019dda73fc20 JavaThread "Notification Thread" daemon [_thread_blocked, id=39404, stack(0x00000073aca00000,0x00000073acb00000)]
  0x0000019dda8b2c50 JavaThread "RMI TCP Accept-0" daemon [_thread_in_native, id=16100, stack(0x00000073acb00000,0x00000073acc00000)]
  0x0000019dda8c1610 JavaThread "RMI TCP Accept-7764" daemon [_thread_in_native, id=32008, stack(0x00000073acc00000,0x00000073acd00000)]
  0x0000019dda9b7c00 JavaThread "RMI TCP Accept-0" daemon [_thread_in_native, id=24968, stack(0x00000073acd00000,0x00000073ace00000)]
  0x0000019ddb7ddbf0 JavaThread "RMI Scheduler(0)" daemon [_thread_blocked, id=3680, stack(0x00000073ae100000,0x00000073ae200000)]
  0x0000019ddb7ff330 JavaThread "JMX server connection timeout 36" daemon [_thread_blocked, id=20140, stack(0x00000073ae300000,0x00000073ae400000)]
  0x0000019ddb7fdb20 JavaThread "mysql-cj-abandoned-connection-cleanup" daemon [_thread_blocked, id=39888, stack(0x00000073ae400000,0x00000073ae500000)]
  0x0000019ddddb3b70 JavaThread "Live Reload Server" daemon [_thread_in_native, id=15824, stack(0x00000073af000000,0x00000073af100000)]
  0x0000019de0114f90 JavaThread "DestroyJavaVM" [_thread_blocked, id=25564, stack(0x00000073ab600000,0x00000073ab700000)]
  0x0000019de0115e00 JavaThread "RMI TCP Connection(16)-127.0.0.1" daemon [_thread_in_native, id=25460, stack(0x00000073ab300000,0x00000073ab400000)]
  0x0000019de011a630 JavaThread "HikariPool-4 housekeeper" daemon [_thread_blocked, id=21176, stack(0x00000073ac600000,0x00000073ac700000)]
  0x0000019de0116c70 JavaThread "Catalina-utility-1" [_thread_blocked, id=3832, stack(0x00000073add00000,0x00000073ade00000)]
  0x0000019de011a160 JavaThread "Catalina-utility-2" [_thread_blocked, id=27344, stack(0x00000073ade00000,0x00000073adf00000)]
  0x0000019de01162d0 JavaThread "container-0" [_thread_blocked, id=8392, stack(0x00000073ae000000,0x00000073ae100000)]
  0x0000019ddaa37e00 JavaThread "C1 CompilerThread1" daemon [_thread_blocked, id=32512, stack(0x00000073ae200000,0x00000073ae300000)]
  0x0000019ddaa3bac0 JavaThread "C1 CompilerThread2" daemon [_thread_blocked, id=11724, stack(0x00000073ae900000,0x00000073aea00000)]
  0x0000019de011afd0 JavaThread "File Watcher" daemon [_thread_blocked, id=34328, stack(0x00000073af100000,0x00000073af200000)]
  0x0000019de0117ae0 JavaThread "http-nio-8282-exec-1" daemon [_thread_blocked, id=13092, stack(0x00000073af200000,0x00000073af300000)]
  0x0000019de01167a0 JavaThread "http-nio-8282-exec-2" daemon [_thread_blocked, id=34184, stack(0x00000073af300000,0x00000073af400000)]
  0x0000019de011b4a0 JavaThread "http-nio-8282-exec-3" daemon [_thread_blocked, id=24464, stack(0x00000073af400000,0x00000073af500000)]
  0x0000019de0117140 JavaThread "http-nio-8282-exec-4" daemon [_thread_blocked, id=17692, stack(0x00000073af500000,0x00000073af600000)]
  0x0000019de01197c0 JavaThread "http-nio-8282-exec-5" daemon [_thread_blocked, id=33272, stack(0x00000073af600000,0x00000073af700000)]
  0x0000019de0117610 JavaThread "http-nio-8282-exec-6" daemon [_thread_blocked, id=21300, stack(0x00000073af700000,0x00000073af800000)]
  0x0000019de0117fb0 JavaThread "http-nio-8282-exec-7" daemon [_thread_blocked, id=39092, stack(0x00000073af800000,0x00000073af900000)]
  0x0000019de0118e20 JavaThread "http-nio-8282-exec-8" daemon [_thread_blocked, id=21988, stack(0x00000073af900000,0x00000073afa00000)]
  0x0000019de011c310 JavaThread "http-nio-8282-exec-9" daemon [_thread_blocked, id=30060, stack(0x00000073afa00000,0x00000073afb00000)]
  0x0000019de011b970 JavaThread "http-nio-8282-exec-10" daemon [_thread_blocked, id=26436, stack(0x00000073afb00000,0x00000073afc00000)]
  0x0000019de011c7e0 JavaThread "http-nio-8282-Poller" daemon [_thread_in_native, id=19904, stack(0x00000073afc00000,0x00000073afd00000)]
  0x0000019de0115930 JavaThread "http-nio-8282-Acceptor" daemon [_thread_in_native, id=22420, stack(0x00000073afd00000,0x00000073afe00000)]
  0x0000019ddb7fdff0 JavaThread "RMI TCP Connection(17)-127.0.0.1" daemon [_thread_in_native, id=39000, stack(0x00000073afe00000,0x00000073aff00000)]
  0x0000019ddb8001a0 JavaThread "RMI TCP Connection(18)-127.0.0.1" daemon [_thread_in_native, id=25312, stack(0x00000073aff00000,0x00000073b0000000)]
  0x0000019ddb7fc7e0 JavaThread "RMI TCP Connection(19)-127.0.0.1" daemon [_thread_in_native, id=17196, stack(0x00000073adc00000,0x00000073add00000)]

Other Threads:
  0x0000019dd9c3cd50 VMThread "VM Thread" [stack: 0x00000073abc00000,0x00000073abd00000] [id=32564]
  0x0000019dda8b8b20 WatcherThread [stack: 0x00000073ace00000,0x00000073acf00000] [id=21232]
  0x0000019dbc44a6a0 GCTaskThread "GC Thread#0" [stack: 0x00000073ab700000,0x00000073ab800000] [id=14112]
  0x0000019dda8c2700 GCTaskThread "GC Thread#1" [stack: 0x00000073acf00000,0x00000073ad000000] [id=29388]
  0x0000019dda9a3c20 GCTaskThread "GC Thread#2" [stack: 0x00000073ad000000,0x00000073ad100000] [id=37168]
  0x0000019dda964930 GCTaskThread "GC Thread#3" [stack: 0x00000073ad100000,0x00000073ad200000] [id=2220]
  0x0000019dda964be0 GCTaskThread "GC Thread#4" [stack: 0x00000073ad200000,0x00000073ad300000] [id=12076]
  0x0000019ddab3ec50 GCTaskThread "GC Thread#5" [stack: 0x00000073ad300000,0x00000073ad400000] [id=38044]
  0x0000019ddaadae40 GCTaskThread "GC Thread#6" [stack: 0x00000073ad400000,0x00000073ad500000] [id=40480]
  0x0000019ddaadb0f0 GCTaskThread "GC Thread#7" [stack: 0x00000073ad500000,0x00000073ad600000] [id=23624]
  0x0000019ddaadb3a0 GCTaskThread "GC Thread#8" [stack: 0x00000073ad600000,0x00000073ad700000] [id=13600]
  0x0000019ddaadb650 GCTaskThread "GC Thread#9" [stack: 0x00000073ad700000,0x00000073ad800000] [id=11120]
  0x0000019ddaadb900 GCTaskThread "GC Thread#10" [stack: 0x00000073ad800000,0x00000073ad900000] [id=21804]
  0x0000019ddaadbbb0 GCTaskThread "GC Thread#11" [stack: 0x00000073ad900000,0x00000073ada00000] [id=8596]
  0x0000019ddb92b920 GCTaskThread "GC Thread#12" [stack: 0x00000073ae500000,0x00000073ae600000] [id=20204]
  0x0000019dbc45bd00 ConcurrentGCThread "G1 Main Marker" [stack: 0x00000073ab800000,0x00000073ab900000] [id=13736]
  0x0000019dbc45c710 ConcurrentGCThread "G1 Conc#0" [stack: 0x00000073ab900000,0x00000073aba00000] [id=30128]
  0x0000019ddb91c7e0 ConcurrentGCThread "G1 Conc#1" [stack: 0x00000073ae600000,0x00000073ae700000] [id=35044]
  0x0000019ddb91ca90 ConcurrentGCThread "G1 Conc#2" [stack: 0x00000073ae700000,0x00000073ae800000] [id=3616]
  0x0000019dd8ea9170 ConcurrentGCThread "G1 Refine#0" [stack: 0x00000073aba00000,0x00000073abb00000] [id=15264]
  0x0000019ddaadc270 ConcurrentGCThread "G1 Refine#1" [stack: 0x00000073ada00000,0x00000073adb00000] [id=15356]
  0x0000019ddb41d130 ConcurrentGCThread "G1 Refine#2" [stack: 0x00000073adb00000,0x00000073adc00000] [id=36076]
  0x0000019dd8ea9b90 ConcurrentGCThread "G1 Service" [stack: 0x00000073abb00000,0x00000073abc00000] [id=2280]

Threads with active compile tasks:

VM state: not at safepoint (normal execution)

VM Mutex/Monitor currently owned by a thread: None

Heap address: 0x0000000601000000, size: 8176 MB, Compressed Oops mode: Zero based, Oop shift amount: 3

CDS archive(s) not mapped
Compressed class space mapped at: 0x0000000800000000-0x0000000840000000, reserved size: 1073741824
Narrow klass base: 0x0000000800000000, Narrow klass shift: 0, Narrow klass range: 0x40000000

GC Precious Log:
 CPUs: 16 total, 16 available
 Memory: 32688M
 Large Page Support: Disabled
 NUMA Support: Disabled
 Compressed Oops: Enabled (Zero based)
 Heap Region Size: 4M
 Heap Min Capacity: 8M
 Heap Initial Capacity: 512M
 Heap Max Capacity: 8176M
 Pre-touch: Disabled
 Parallel Workers: 13
 Concurrent Workers: 3
 Concurrent Refinement Workers: 13
 Periodic GC: Disabled

Heap:
 garbage-first heap   total 110592K, used 48716K [0x0000000601000000, 0x0000000800000000)
  region size 4096K, 6 young (24576K), 2 survivors (8192K)
 Metaspace       used 81668K, committed 82240K, reserved 1122304K
  class space    used 10742K, committed 11008K, reserved 1048576K

Heap Regions: E=young(eden), S=young(survivor), O=old, HS=humongous(starts), HC=humongous(continues), CS=collection set, F=free, OA=open archive, CA=closed archive, TAMS=top-at-mark-start (previous, next)
|   0|0x0000000601000000, 0x00000006013fffc0, 0x0000000601400000| 99%| O|  |TAMS 0x00000006013fffc0, 0x0000000601000000| Untracked 
|   1|0x0000000601400000, 0x00000006017ffff0, 0x0000000601800000| 99%| O|  |TAMS 0x0000000601400000, 0x0000000601400000| Untracked 
|   2|0x0000000601800000, 0x0000000601bfffe0, 0x0000000601c00000| 99%| O|  |TAMS 0x0000000601bfffe0, 0x0000000601800000| Untracked 
|   3|0x0000000601c00000, 0x0000000601fffff0, 0x0000000602000000| 99%| O|  |TAMS 0x0000000601c00000, 0x0000000601c00000| Untracked 
|   4|0x0000000602000000, 0x00000006023fffd8, 0x0000000602400000| 99%| O|  |TAMS 0x0000000602000000, 0x0000000602000000| Untracked 
|   5|0x0000000602400000, 0x00000006027ff9c8, 0x0000000602800000| 99%| O|  |TAMS 0x0000000602400000, 0x0000000602400000| Untracked 
|   6|0x0000000602800000, 0x0000000602c00000, 0x0000000602c00000|100%| O|  |TAMS 0x0000000602800000, 0x0000000602800000| Untracked 
|   7|0x0000000602c00000, 0x0000000602ddf4f8, 0x0000000603000000| 46%| O|  |TAMS 0x0000000602c00000, 0x0000000602c00000| Untracked 
|   8|0x0000000603000000, 0x0000000603000000, 0x0000000603400000|  0%| F|  |TAMS 0x0000000603000000, 0x0000000603000000| Untracked 
|   9|0x0000000603400000, 0x0000000603400000, 0x0000000603800000|  0%| F|  |TAMS 0x0000000603400000, 0x0000000603400000| Untracked 
|  10|0x0000000603800000, 0x00000006038a2490, 0x0000000603c00000| 15%| O|  |TAMS 0x0000000603800000, 0x0000000603800000| Untracked 
|  11|0x0000000603c00000, 0x0000000603c00000, 0x0000000604000000|  0%| F|  |TAMS 0x0000000603c00000, 0x0000000603c00000| Untracked 
|  12|0x0000000604000000, 0x0000000604000000, 0x0000000604400000|  0%| F|  |TAMS 0x0000000604000000, 0x0000000604000000| Untracked 
|  13|0x0000000604400000, 0x0000000604512040, 0x0000000604800000| 26%| S|CS|TAMS 0x0000000604400000, 0x0000000604400000| Complete 
|  14|0x0000000604800000, 0x0000000604800000, 0x0000000604c00000|  0%| F|  |TAMS 0x0000000604800000, 0x0000000604800000| Untracked 
|  15|0x0000000604c00000, 0x0000000605000000, 0x0000000605000000|100%| S|CS|TAMS 0x0000000604c00000, 0x0000000604c00000| Complete 
|  16|0x0000000605000000, 0x0000000605000000, 0x0000000605400000|  0%| F|  |TAMS 0x0000000605000000, 0x0000000605000000| Untracked 
|  17|0x0000000605400000, 0x0000000605400000, 0x0000000605800000|  0%| F|  |TAMS 0x0000000605400000, 0x0000000605400000| Untracked 
|  18|0x0000000605800000, 0x0000000605800000, 0x0000000605c00000|  0%| F|  |TAMS 0x0000000605800000, 0x0000000605800000| Untracked 
|  19|0x0000000605c00000, 0x0000000605c00000, 0x0000000606000000|  0%| F|  |TAMS 0x0000000605c00000, 0x0000000605c00000| Untracked 
|  20|0x0000000606000000, 0x0000000606000000, 0x0000000606400000|  0%| F|  |TAMS 0x0000000606000000, 0x0000000606000000| Untracked 
|  21|0x0000000606400000, 0x0000000606400000, 0x0000000606800000|  0%| F|  |TAMS 0x0000000606400000, 0x0000000606400000| Untracked 
|  22|0x0000000606800000, 0x0000000606800000, 0x0000000606c00000|  0%| F|  |TAMS 0x0000000606800000, 0x0000000606800000| Untracked 
|  23|0x0000000606c00000, 0x0000000606f72398, 0x0000000607000000| 86%| E|  |TAMS 0x0000000606c00000, 0x0000000606c00000| Complete 
|  59|0x000000060fc00000, 0x0000000610000000, 0x0000000610000000|100%| E|CS|TAMS 0x000000060fc00000, 0x000000060fc00000| Complete 
|  60|0x0000000610000000, 0x0000000610400000, 0x0000000610400000|100%| E|CS|TAMS 0x0000000610000000, 0x0000000610000000| Complete 
| 127|0x0000000620c00000, 0x0000000621000000, 0x0000000621000000|100%| E|CS|TAMS 0x0000000620c00000, 0x0000000620c00000| Complete 

Card table byte_map: [0x0000019dc40e0000,0x0000019dc50e0000] _byte_map_base: 0x0000019dc10d8000

Marking Bits (Prev, Next): (CMBitMap*) 0x0000019dbc44acb0, (CMBitMap*) 0x0000019dbc44acf0
 Prev Bits: [0x0000019dc60e0000, 0x0000019dce0a0000)
 Next Bits: [0x0000019dce0a0000, 0x0000019dd6060000)

Polling page: 0x0000019dba130000

Metaspace:

Usage:
  Non-class:     69.26 MB used.
      Class:     10.49 MB used.
       Both:     79.75 MB used.

Virtual space:
  Non-class space:       72.00 MB reserved,      69.56 MB ( 97%) committed,  9 nodes.
      Class space:        1.00 GB reserved,      10.75 MB (  1%) committed,  1 nodes.
             Both:        1.07 GB reserved,      80.31 MB (  7%) committed. 

Chunk freelists:
   Non-Class:  2.22 MB
       Class:  1.08 MB
        Both:  3.31 MB

MaxMetaspaceSize: unlimited
CompressedClassSpaceSize: 1.00 GB
Initial GC threshold: 21.00 MB
Current GC threshold: 133.38 MB
CDS: off
MetaspaceReclaimPolicy: balanced
 - commit_granule_bytes: 65536.
 - commit_granule_words: 8192.
 - virtual_space_node_default_size: 1048576.
 - enlarge_chunks_in_place: 1.
 - new_chunks_are_fully_committed: 0.
 - uncommit_free_chunks: 1.
 - use_allocation_guard: 0.
 - handle_deallocations: 1.


Internal statistics:

num_allocs_failed_limit: 9.
num_arena_births: 840.
num_arena_deaths: 114.
num_vsnodes_births: 10.
num_vsnodes_deaths: 0.
num_space_committed: 1285.
num_space_uncommitted: 0.
num_chunks_returned_to_freelist: 142.
num_chunks_taken_from_freelist: 3569.
num_chunk_merges: 43.
num_chunk_splits: 2391.
num_chunks_enlarged: 1767.
num_purges: 6.
num_inconsistent_stats: 0.

CodeCache: size=49152Kb used=23695Kb max_used=26492Kb free=25456Kb
 bounds [0x0000019dbfa70000, 0x0000019dc1450000, 0x0000019dc2a70000]
 total_blobs=12513 nmethods=11581 adapters=856
 compilation: enabled
              stopped_count=0, restarted_count=0
 full_count=0

Compilation events (20 events):
Event: 330.438 Thread 0x0000019ddaa39c60 11573   !   1       sun.rmi.transport.StreamRemoteCall::releaseInputStream (62 bytes)
Event: 330.438 Thread 0x0000019ddaa39c60 nmethod 11573 0x0000019dc13e7890 code [0x0000019dc13e7a60, 0x0000019dc13e7cc8]
Event: 330.438 Thread 0x0000019ddaa39c60 11576       1       java.lang.StringConcatHelper::mix (11 bytes)
Event: 330.438 Thread 0x0000019ddaa37e00 11574       1       java.lang.invoke.LambdaForm$MH/0x0000000800213400::invoke (27 bytes)
Event: 330.438 Thread 0x0000019dd9cd1740 11575       1       java.lang.invoke.DirectMethodHandle$Holder::invokeStatic (17 bytes)
Event: 330.438 Thread 0x0000019ddaa35fa0 11577       1       java.lang.invoke.LambdaForm$MH/0x0000000800212800::invoke (32 bytes)
Event: 330.438 Thread 0x0000019ddaa3bac0 11578       1       java.lang.invoke.DirectMethodHandle$Holder::invokeStatic (21 bytes)
Event: 330.438 Thread 0x0000019ddaa3cf00 11579       1       java.lang.StringConcatHelper::prepend (22 bytes)
Event: 330.438 Thread 0x0000019ddaa373e0 11580       1       java.lang.StringConcatHelper::prepend (30 bytes)
Event: 330.438 Thread 0x0000019ddaa39c60 nmethod 11576 0x0000019dc13e7410 code [0x0000019dc13e75c0, 0x0000019dc13e7758]
Event: 330.438 Thread 0x0000019ddaa35fa0 nmethod 11577 0x0000019dc13e6f90 code [0x0000019dc13e7140, 0x0000019dc13e72d8]
Event: 330.438 Thread 0x0000019ddaa37e00 nmethod 11574 0x0000019dc13e6b10 code [0x0000019dc13e6cc0, 0x0000019dc13e6e38]
Event: 330.438 Thread 0x0000019ddaa3bac0 nmethod 11578 0x0000019dc13e6710 code [0x0000019dc13e68c0, 0x0000019dc13e6a18]
Event: 330.438 Thread 0x0000019dd9cd1740 nmethod 11575 0x0000019dc13e6310 code [0x0000019dc13e64c0, 0x0000019dc13e65f8]
Event: 330.438 Thread 0x0000019ddaa373e0 nmethod 11580 0x0000019dc13e5f10 code [0x0000019dc13e60c0, 0x0000019dc13e6218]
Event: 330.438 Thread 0x0000019ddaa3cf00 nmethod 11579 0x0000019dc13e5b10 code [0x0000019dc13e5cc0, 0x0000019dc13e5e48]
Event: 330.643 Thread 0x0000019ddaa37e00 11581       1       java.io.SerialCallbackContext::getDesc (5 bytes)
Event: 330.643 Thread 0x0000019ddaa37e00 nmethod 11581 0x0000019dc13e5810 code [0x0000019dc13e59a0, 0x0000019dc13e5a78]
Event: 339.348 Thread 0x0000019dd9cd1740 11582       1       org.apache.catalina.core.ContainerBase::getBackgroundProcessorDelay (5 bytes)
Event: 339.348 Thread 0x0000019dd9cd1740 nmethod 11582 0x0000019dc13e5510 code [0x0000019dc13e56a0, 0x0000019dc13e5778]

GC Heap History (20 events):
Event: 9.537 GC heap before
{Heap before GC invocations=23 (full 1):
 garbage-first heap   total 110592K, used 84742K [0x0000000601000000, 0x0000000800000000)
  region size 4096K, 14 young (57344K), 0 survivors (0K)
 Metaspace       used 73264K, committed 73792K, reserved 1114112K
  class space    used 9762K, committed 9984K, reserved 1048576K
}
Event: 9.539 GC heap after
{Heap after GC invocations=24 (full 1):
 garbage-first heap   total 110592K, used 31494K [0x0000000601000000, 0x0000000800000000)
  region size 4096K, 1 young (4096K), 1 survivors (4096K)
 Metaspace       used 73264K, committed 73792K, reserved 1114112K
  class space    used 9762K, committed 9984K, reserved 1048576K
}
Event: 13.495 GC heap before
{Heap before GC invocations=24 (full 1):
 garbage-first heap   total 110592K, used 84742K [0x0000000601000000, 0x0000000800000000)
  region size 4096K, 14 young (57344K), 1 survivors (4096K)
 Metaspace       used 73566K, committed 74112K, reserved 1114112K
  class space    used 9805K, committed 10048K, reserved 1048576K
}
Event: 13.497 GC heap after
{Heap after GC invocations=25 (full 1):
 garbage-first heap   total 110592K, used 32700K [0x0000000601000000, 0x0000000800000000)
  region size 4096K, 2 young (8192K), 2 survivors (8192K)
 Metaspace       used 73566K, committed 74112K, reserved 1114112K
  class space    used 9805K, committed 10048K, reserved 1048576K
}
Event: 13.943 GC heap before
{Heap before GC invocations=25 (full 1):
 garbage-first heap   total 110592K, used 77756K [0x0000000601000000, 0x0000000800000000)
  region size 4096K, 14 young (57344K), 2 survivors (8192K)
 Metaspace       used 77893K, committed 78400K, reserved 1122304K
  class space    used 10298K, committed 10560K, reserved 1048576K
}
Event: 13.945 GC heap after
{Heap after GC invocations=26 (full 1):
 garbage-first heap   total 110592K, used 34535K [0x0000000601000000, 0x0000000800000000)
  region size 4096K, 2 young (8192K), 2 survivors (8192K)
 Metaspace       used 77893K, committed 78400K, reserved 1122304K
  class space    used 10298K, committed 10560K, reserved 1048576K
}
Event: 17.368 GC heap before
{Heap before GC invocations=26 (full 1):
 garbage-first heap   total 110592K, used 79591K [0x0000000601000000, 0x0000000800000000)
  region size 4096K, 13 young (53248K), 2 survivors (8192K)
 Metaspace       used 80735K, committed 81280K, reserved 1122304K
  class space    used 10657K, committed 10944K, reserved 1048576K
}
Event: 17.371 GC heap after
{Heap after GC invocations=27 (full 1):
 garbage-first heap   total 110592K, used 37612K [0x0000000601000000, 0x0000000800000000)
  region size 4096K, 2 young (8192K), 2 survivors (8192K)
 Metaspace       used 80735K, committed 81280K, reserved 1122304K
  class space    used 10657K, committed 10944K, reserved 1048576K
}
Event: 226.288 GC heap before
{Heap before GC invocations=27 (full 1):
 garbage-first heap   total 110592K, used 66284K [0x0000000601000000, 0x0000000800000000)
  region size 4096K, 10 young (40960K), 2 survivors (8192K)
 Metaspace       used 80788K, committed 81344K, reserved 1122304K
  class space    used 10662K, committed 10944K, reserved 1048576K
}
Event: 226.342 GC heap after
{Heap after GC invocations=28 (full 2):
 garbage-first heap   total 110592K, used 32262K [0x0000000601000000, 0x0000000800000000)
  region size 4096K, 0 young (0K), 0 survivors (0K)
 Metaspace       used 80782K, committed 81344K, reserved 1122304K
  class space    used 10661K, committed 10944K, reserved 1048576K
}
Event: 226.797 GC heap before
{Heap before GC invocations=28 (full 2):
 garbage-first heap   total 110592K, used 81414K [0x0000000601000000, 0x0000000800000000)
  region size 4096K, 12 young (49152K), 0 survivors (0K)
 Metaspace       used 80951K, committed 81472K, reserved 1122304K
  class space    used 10684K, committed 10944K, reserved 1048576K
}
Event: 226.799 GC heap after
{Heap after GC invocations=29 (full 2):
 garbage-first heap   total 110592K, used 35817K [0x0000000601000000, 0x0000000800000000)
  region size 4096K, 1 young (4096K), 1 survivors (4096K)
 Metaspace       used 80951K, committed 81472K, reserved 1122304K
  class space    used 10684K, committed 10944K, reserved 1048576K
}
Event: 226.973 GC heap before
{Heap before GC invocations=29 (full 2):
 garbage-first heap   total 110592K, used 80873K [0x0000000601000000, 0x0000000800000000)
  region size 4096K, 12 young (49152K), 1 survivors (4096K)
 Metaspace       used 81204K, committed 81792K, reserved 1122304K
  class space    used 10702K, committed 11008K, reserved 1048576K
}
Event: 226.975 GC heap after
{Heap after GC invocations=30 (full 2):
 garbage-first heap   total 110592K, used 37438K [0x0000000601000000, 0x0000000800000000)
  region size 4096K, 2 young (8192K), 2 survivors (8192K)
 Metaspace       used 81204K, committed 81792K, reserved 1122304K
  class space    used 10702K, committed 11008K, reserved 1048576K
}
Event: 328.882 GC heap before
{Heap before GC invocations=30 (full 2):
 garbage-first heap   total 110592K, used 74302K [0x0000000601000000, 0x0000000800000000)
  region size 4096K, 12 young (49152K), 2 survivors (8192K)
 Metaspace       used 81323K, committed 81920K, reserved 1122304K
  class space    used 10718K, committed 11008K, reserved 1048576K
}
Event: 328.941 GC heap after
{Heap after GC invocations=31 (full 3):
 garbage-first heap   total 110592K, used 31236K [0x0000000601000000, 0x0000000800000000)
  region size 4096K, 0 young (0K), 0 survivors (0K)
 Metaspace       used 81202K, committed 81920K, reserved 1122304K
  class space    used 10691K, committed 11008K, reserved 1048576K
}
Event: 329.412 GC heap before
{Heap before GC invocations=31 (full 3):
 garbage-first heap   total 110592K, used 80388K [0x0000000601000000, 0x0000000800000000)
  region size 4096K, 12 young (49152K), 0 survivors (0K)
 Metaspace       used 81381K, committed 81920K, reserved 1122304K
  class space    used 10716K, committed 11008K, reserved 1048576K
}
Event: 329.414 GC heap after
{Heap after GC invocations=32 (full 3):
 garbage-first heap   total 110592K, used 34816K [0x0000000601000000, 0x0000000800000000)
  region size 4096K, 1 young (4096K), 1 survivors (4096K)
 Metaspace       used 81381K, committed 81920K, reserved 1122304K
  class space    used 10716K, committed 11008K, reserved 1048576K
}
Event: 329.618 GC heap before
{Heap before GC invocations=32 (full 3):
 garbage-first heap   total 110592K, used 79872K [0x0000000601000000, 0x0000000800000000)
  region size 4096K, 12 young (49152K), 1 survivors (4096K)
 Metaspace       used 81641K, committed 82240K, reserved 1122304K
  class space    used 10736K, committed 11008K, reserved 1048576K
}
Event: 329.619 GC heap after
{Heap after GC invocations=33 (full 3):
 garbage-first heap   total 110592K, used 36428K [0x0000000601000000, 0x0000000800000000)
  region size 4096K, 2 young (8192K), 2 survivors (8192K)
 Metaspace       used 81641K, committed 82240K, reserved 1122304K
  class space    used 10736K, committed 11008K, reserved 1048576K
}

Deoptimization events (20 events):
Event: 329.710 Thread 0x0000019de01192f0 DEOPT PACKING pc=0x0000019dc03e78ec sp=0x00000073adcfcf70
Event: 329.710 Thread 0x0000019de01192f0 DEOPT UNPACKING pc=0x0000019dbfac2b43 sp=0x00000073adcfc430 mode 1
Event: 329.711 Thread 0x0000019de01192f0 DEOPT PACKING pc=0x0000019dc0145864 sp=0x00000073adcfd540
Event: 329.711 Thread 0x0000019de01192f0 DEOPT UNPACKING pc=0x0000019dbfac2b43 sp=0x00000073adcfcaa0 mode 1
Event: 329.711 Thread 0x0000019de01192f0 DEOPT PACKING pc=0x0000019dc0843234 sp=0x00000073adcfd660
Event: 329.711 Thread 0x0000019de01192f0 DEOPT UNPACKING pc=0x0000019dbfac2b43 sp=0x00000073adcfcb18 mode 1
Event: 329.711 Thread 0x0000019de01192f0 DEOPT PACKING pc=0x0000019dc0145864 sp=0x00000073adcfd510
Event: 329.711 Thread 0x0000019de01192f0 DEOPT UNPACKING pc=0x0000019dbfac2b43 sp=0x00000073adcfca88 mode 1
Event: 329.711 Thread 0x0000019de01192f0 DEOPT PACKING pc=0x0000019dc0145864 sp=0x00000073adcfd9c0
Event: 329.711 Thread 0x0000019de01192f0 DEOPT UNPACKING pc=0x0000019dbfac2b43 sp=0x00000073adcfcf20 mode 1
Event: 329.711 Thread 0x0000019de01192f0 DEOPT PACKING pc=0x0000019dc03e78ec sp=0x00000073adcfdae0
Event: 329.711 Thread 0x0000019de01192f0 DEOPT UNPACKING pc=0x0000019dbfac2b43 sp=0x00000073adcfcfa0 mode 1
Event: 329.719 Thread 0x0000019de01192f0 DEOPT PACKING pc=0x0000019dbfef707c sp=0x00000073adcfda60
Event: 329.719 Thread 0x0000019de01192f0 DEOPT UNPACKING pc=0x0000019dbfac2b43 sp=0x00000073adcfd040 mode 1
Event: 329.726 Thread 0x0000019de01192f0 DEOPT PACKING pc=0x0000019dc06ef78c sp=0x00000073adcfddd0
Event: 329.726 Thread 0x0000019de01192f0 DEOPT UNPACKING pc=0x0000019dbfac2b43 sp=0x00000073adcfd338 mode 1
Event: 329.726 Thread 0x0000019de01192f0 DEOPT PACKING pc=0x0000019dc06ef78c sp=0x00000073adcfdd60
Event: 329.726 Thread 0x0000019de01192f0 DEOPT UNPACKING pc=0x0000019dbfac2b43 sp=0x00000073adcfd2c8 mode 1
Event: 329.726 Thread 0x0000019de01192f0 DEOPT PACKING pc=0x0000019dc06ef78c sp=0x00000073adcfdcf0
Event: 329.726 Thread 0x0000019de01192f0 DEOPT UNPACKING pc=0x0000019dbfac2b43 sp=0x00000073adcfd258 mode 1

Classes unloaded (20 events):
Event: 328.905 Thread 0x0000019dd9c3cd50 Unloading class 0x000000080010f400 'java/lang/invoke/LambdaForm$MH+0x000000080010f400'
Event: 328.905 Thread 0x0000019dd9c3cd50 Unloading class 0x000000080010f000 'java/lang/invoke/LambdaForm$MH+0x000000080010f000'
Event: 328.905 Thread 0x0000019dd9c3cd50 Unloading class 0x000000080010ec00 'java/lang/invoke/LambdaForm$MH+0x000000080010ec00'
Event: 328.905 Thread 0x0000019dd9c3cd50 Unloading class 0x000000080010e800 'java/lang/invoke/LambdaForm$MH+0x000000080010e800'
Event: 328.905 Thread 0x0000019dd9c3cd50 Unloading class 0x0000000800109000 'java/lang/invoke/LambdaForm$DMH+0x0000000800109000'
Event: 328.905 Thread 0x0000019dd9c3cd50 Unloading class 0x0000000800108800 'java/lang/invoke/LambdaForm$DMH+0x0000000800108800'
Event: 328.905 Thread 0x0000019dd9c3cd50 Unloading class 0x0000000800107c00 'jdk/internal/reflect/GeneratedConstructorAccessor1'
Event: 328.905 Thread 0x0000019dd9c3cd50 Unloading class 0x0000000800107000 'java/lang/invoke/LambdaForm$MH+0x0000000800107000'
Event: 328.905 Thread 0x0000019dd9c3cd50 Unloading class 0x0000000800106c00 'java/lang/invoke/LambdaForm$MH+0x0000000800106c00'
Event: 328.905 Thread 0x0000019dd9c3cd50 Unloading class 0x0000000800106800 'java/lang/invoke/LambdaForm$MH+0x0000000800106800'
Event: 328.905 Thread 0x0000019dd9c3cd50 Unloading class 0x0000000800106400 'java/lang/invoke/LambdaForm$MH+0x0000000800106400'
Event: 328.905 Thread 0x0000019dd9c3cd50 Unloading class 0x0000000800106000 'java/lang/invoke/LambdaForm$MH+0x0000000800106000'
Event: 328.905 Thread 0x0000019dd9c3cd50 Unloading class 0x0000000800105c00 'java/lang/invoke/LambdaForm$MH+0x0000000800105c00'
Event: 328.905 Thread 0x0000019dd9c3cd50 Unloading class 0x0000000800104c00 'java/lang/invoke/LambdaForm$MH+0x0000000800104c00'
Event: 328.905 Thread 0x0000019dd9c3cd50 Unloading class 0x0000000800104800 'java/lang/invoke/LambdaForm$MH+0x0000000800104800'
Event: 328.905 Thread 0x0000019dd9c3cd50 Unloading class 0x0000000800104000 'java/lang/invoke/LambdaForm$MH+0x0000000800104000'
Event: 328.905 Thread 0x0000019dd9c3cd50 Unloading class 0x0000000800103400 'java/lang/invoke/LambdaForm$MH+0x0000000800103400'
Event: 328.905 Thread 0x0000019dd9c3cd50 Unloading class 0x0000000800102c00 'java/lang/invoke/LambdaForm$MH+0x0000000800102c00'
Event: 328.905 Thread 0x0000019dd9c3cd50 Unloading class 0x0000000800102400 'java/lang/invoke/LambdaForm$MH+0x0000000800102400'
Event: 328.905 Thread 0x0000019dd9c3cd50 Unloading class 0x0000000800101c00 'java/lang/invoke/LambdaForm$MH+0x0000000800101c00'

Classes redefined (7 events):
Event: 225.048 Thread 0x0000019dd9c3cd50 redefined class name=com.brew.controller.UserController, count=1
Event: 225.048 Thread 0x0000019dd9c3cd50 redefined class name=com.brew.repository.UserRepository, count=1
Event: 225.048 Thread 0x0000019dd9c3cd50 redefined class name=com.brew.repository.UserRepository, count=1
Event: 225.048 Thread 0x0000019dd9c3cd50 redefined class name=com.brew.controller.UserController, count=1
Event: 327.754 Thread 0x0000019dd9c3cd50 redefined class name=com.brew.controller.UserController, count=1
Event: 327.754 Thread 0x0000019dd9c3cd50 redefined class name=com.brew.controller.UserController, count=2
Event: 327.754 Thread 0x0000019dd9c3cd50 redefined class name=com.brew.controller.UserController, count=2

Internal exceptions (20 events):
Event: 328.882 Thread 0x0000019de011a630 Exception <a 'java/io/IOException'{0x00000006057a1178}> (0x00000006057a1178) 
thrown [e:\jenkins\tmp\workspace\build\src\src\hotspot\share\prims\jni.cpp, line 516]
Event: 328.954 Thread 0x0000019de01192f0 Exception <a 'sun/nio/fs/WindowsException'{0x0000000620cafa70}> (0x0000000620cafa70) 
thrown [e:\jenkins\tmp\workspace\build\src\src\hotspot\share\prims\jni.cpp, line 516]
Event: 329.201 Thread 0x0000019de01192f0 Exception <a 'java/lang/NoClassDefFoundError'{0x00000006061cfc10}: org/flywaydb/core/Flyway> (0x00000006061cfc10) 
thrown [e:\jenkins\tmp\workspace\build\src\src\hotspot\share\oops\constantPool.cpp, line 835]
Event: 329.220 Thread 0x0000019de01192f0 Exception <a 'java/lang/NoClassDefFoundError'{0x00000006061d0260}: liquibase/integration/spring/SpringLiquibase> (0x00000006061d0260) 
thrown [e:\jenkins\tmp\workspace\build\src\src\hotspot\share\oops\constantPool.cpp, line 835]
Event: 329.226 Thread 0x0000019de01192f0 Exception <a 'java/lang/NoClassDefFoundError'{0x0000000606234820}: org/jooq/DSLContext> (0x0000000606234820) 
thrown [e:\jenkins\tmp\workspace\build\src\src\hotspot\share\oops\constantPool.cpp, line 835]
Event: 329.227 Thread 0x0000019de01192f0 Exception <a 'java/lang/NoClassDefFoundError'{0x0000000606240550}: org/springframework/batch/core/repository/JobRepository> (0x0000000606240550) 
thrown [e:\jenkins\tmp\workspace\build\src\src\hotspot\share\oops\constantPool.cpp, line 835]
Event: 329.227 Thread 0x0000019de01192f0 Exception <a 'java/lang/NoClassDefFoundError'{0x0000000606240b98}: org/quartz/Scheduler> (0x0000000606240b98) 
thrown [e:\jenkins\tmp\workspace\build\src\src\hotspot\share\oops\constantPool.cpp, line 835]
Event: 329.227 Thread 0x0000019de01192f0 Exception <a 'java/lang/NoClassDefFoundError'{0x0000000606241208}: org/springframework/session/jdbc/JdbcIndexedSessionRepository> (0x0000000606241208) 
thrown [e:\jenkins\tmp\workspace\build\src\src\hotspot\share\oops\constantPool.cpp, line 835]
Event: 329.266 Thread 0x0000019de01192f0 Exception <a 'sun/nio/fs/WindowsException'{0x000000060586b518}> (0x000000060586b518) 
thrown [e:\jenkins\tmp\workspace\build\src\src\hotspot\share\prims\jni.cpp, line 516]
Event: 329.266 Thread 0x0000019de01192f0 Exception <a 'sun/nio/fs/WindowsException'{0x000000060586bb80}> (0x000000060586bb80) 
thrown [e:\jenkins\tmp\workspace\build\src\src\hotspot\share\prims\jni.cpp, line 516]
Event: 329.267 Thread 0x0000019de01192f0 Exception <a 'sun/nio/fs/WindowsException'{0x000000060586c258}> (0x000000060586c258) 
thrown [e:\jenkins\tmp\workspace\build\src\src\hotspot\share\prims\jni.cpp, line 516]
Event: 329.284 Thread 0x0000019de01192f0 Exception <a 'java/io/FileNotFoundException'{0x00000006058a7088}> (0x00000006058a7088) 
thrown [e:\jenkins\tmp\workspace\build\src\src\hotspot\share\prims\jni.cpp, line 516]
Event: 329.456 Thread 0x0000019de01192f0 Exception <a 'java/lang/ClassNotFoundException'{0x0000000610195dd0}: java/lang/ObjectCustomizer> (0x0000000610195dd0) 
thrown [e:\jenkins\tmp\workspace\build\src\src\hotspot\share\classfile\systemDictionary.cpp, line 256]
Event: 329.458 Thread 0x0000019de01192f0 Exception <a 'java/lang/ClassNotFoundException'{0x00000006101a0b88}: com/brew/domain/BoardCustomizer> (0x00000006101a0b88) 
thrown [e:\jenkins\tmp\workspace\build\src\src\hotspot\share\classfile\systemDictionary.cpp, line 256]
Event: 329.459 Thread 0x0000019de01192f0 Exception <a 'java/lang/ClassNotFoundException'{0x00000006101bff70}: java/lang/ObjectCustomizer> (0x00000006101bff70) 
thrown [e:\jenkins\tmp\workspace\build\src\src\hotspot\share\classfile\systemDictionary.cpp, line 256]
Event: 329.459 Thread 0x0000019de01192f0 Exception <a 'java/lang/ClassNotFoundException'{0x00000006101ca078}: com/brew/domain/ReplyCustomizer> (0x00000006101ca078) 
thrown [e:\jenkins\tmp\workspace\build\src\src\hotspot\share\classfile\systemDictionary.cpp, line 256]
Event: 329.464 Thread 0x0000019de01192f0 Exception <a 'java/lang/ClassNotFoundException'{0x00000006102b0030}: java/lang/ObjectCustomizer> (0x00000006102b0030) 
thrown [e:\jenkins\tmp\workspace\build\src\src\hotspot\share\classfile\systemDictionary.cpp, line 256]
Event: 329.465 Thread 0x0000019de01192f0 Exception <a 'java/lang/ClassNotFoundException'{0x00000006102ba088}: com/brew/domain/UserCustomizer> (0x00000006102ba088) 
thrown [e:\jenkins\tmp\workspace\build\src\src\hotspot\share\classfile\systemDictionary.cpp, line 256]
Event: 329.493 Thread 0x0000019de01192f0 Exception <a 'java/lang/ClassNotFoundException'{0x000000060688a720}: java/lang/ObjectCustomizer> (0x000000060688a720) 
thrown [e:\jenkins\tmp\workspace\build\src\src\hotspot\share\classfile\systemDictionary.cpp, line 256]
Event: 329.494 Thread 0x0000019de01192f0 Exception <a 'java/lang/ClassNotFoundException'{0x0000000606894938}: com/brew/domain/StoreInfoCustomizer> (0x0000000606894938) 
thrown [e:\jenkins\tmp\workspace\build\src\src\hotspot\share\classfile\systemDictionary.cpp, line 256]

VM Operations (20 events):
Event: 329.555 Executing VM operation: ICBufferFull
Event: 329.555 Executing VM operation: ICBufferFull done
Event: 329.556 Executing VM operation: ICBufferFull
Event: 329.556 Executing VM operation: ICBufferFull done
Event: 329.558 Executing VM operation: ICBufferFull
Event: 329.562 Executing VM operation: ICBufferFull done
Event: 329.564 Executing VM operation: ICBufferFull
Event: 329.564 Executing VM operation: ICBufferFull done
Event: 329.566 Executing VM operation: ICBufferFull
Event: 329.566 Executing VM operation: ICBufferFull done
Event: 329.568 Executing VM operation: ICBufferFull
Event: 329.568 Executing VM operation: ICBufferFull done
Event: 329.569 Executing VM operation: ICBufferFull
Event: 329.569 Executing VM operation: ICBufferFull done
Event: 329.572 Executing VM operation: ICBufferFull
Event: 329.577 Executing VM operation: ICBufferFull done
Event: 329.617 Executing VM operation: G1CollectForAllocation
Event: 329.619 Executing VM operation: G1CollectForAllocation done
Event: 330.627 Executing VM operation: Cleanup
Event: 330.627 Executing VM operation: Cleanup done

Events (20 events):
Event: 329.720 Thread 0x0000019de0118e20 Thread added: 0x0000019de0118e20
Event: 329.720 Thread 0x0000019de011c310 Thread added: 0x0000019de011c310
Event: 329.720 Thread 0x0000019de011b970 Thread added: 0x0000019de011b970
Event: 329.723 Thread 0x0000019de011c7e0 Thread added: 0x0000019de011c7e0
Event: 329.723 Thread 0x0000019de0115930 Thread added: 0x0000019de0115930
Event: 329.726 Thread 0x0000019ddb7fdff0 Thread added: 0x0000019ddb7fdff0
Event: 329.727 Thread 0x0000019ddb8001a0 Thread added: 0x0000019ddb8001a0
Event: 329.727 Thread 0x0000019ddb7fee60 Thread added: 0x0000019ddb7fee60
Event: 329.728 Thread 0x0000019de01192f0 Thread exited: 0x0000019de01192f0
Event: 329.728 Thread 0x0000019de011ab00 Thread exited: 0x0000019de011ab00
Event: 329.730 Thread 0x0000019ddb7fc7e0 Thread added: 0x0000019ddb7fc7e0
Event: 329.731 Thread 0x0000019ddb7fccb0 Thread added: 0x0000019ddb7fccb0
Event: 329.732 Thread 0x0000019ddb7fccb0 Thread exited: 0x0000019ddb7fccb0
Event: 330.236 Thread 0x0000019ddaa3d920 Thread exited: 0x0000019ddaa3d920
Event: 330.746 Thread 0x0000019ddb7fee60 Thread exited: 0x0000019ddb7fee60
Event: 334.605 Thread 0x0000019de0118950 Thread exited: 0x0000019de0118950
Event: 335.656 Thread 0x0000019ddaa39c60 Thread exited: 0x0000019ddaa39c60
Event: 335.656 Thread 0x0000019ddaa373e0 Thread exited: 0x0000019ddaa373e0
Event: 335.656 Thread 0x0000019ddaa35fa0 Thread exited: 0x0000019ddaa35fa0
Event: 339.348 Thread 0x0000019ddaa3cf00 Thread exited: 0x0000019ddaa3cf00


Dynamic libraries:
0x00007ff770590000 - 0x00007ff77059e000 	D:\dev\tools\eclipse\spring-tool-suite-4-4.14.0.RELEASE-e4.23.0-win32.win32.x86_64.self-extracting\sts-4.14.0.RELEASE\plugins\org.eclipse.justj.openjdk.hotspot.jre.full.win32.x86_64_17.0.2.v20220201-1208\jre\bin\javaw.exe
0x00007ffa8d9d0000 - 0x00007ffa8dbc5000 	C:\WINDOWS\SYSTEM32\ntdll.dll
0x00007ffa8d800000 - 0x00007ffa8d8be000 	C:\WINDOWS\System32\KERNEL32.DLL
0x00007ffa8b660000 - 0x00007ffa8b928000 	C:\WINDOWS\System32\KERNELBASE.dll
0x00007ffa8b930000 - 0x00007ffa8ba30000 	C:\WINDOWS\System32\ucrtbase.dll
0x00007ffa863b0000 - 0x00007ffa863c9000 	D:\dev\tools\eclipse\spring-tool-suite-4-4.14.0.RELEASE-e4.23.0-win32.win32.x86_64.self-extracting\sts-4.14.0.RELEASE\plugins\org.eclipse.justj.openjdk.hotspot.jre.full.win32.x86_64_17.0.2.v20220201-1208\jre\bin\VCRUNTIME140.dll
0x00007ffa863d0000 - 0x00007ffa863e8000 	D:\dev\tools\eclipse\spring-tool-suite-4-4.14.0.RELEASE-e4.23.0-win32.win32.x86_64.self-extracting\sts-4.14.0.RELEASE\plugins\org.eclipse.justj.openjdk.hotspot.jre.full.win32.x86_64_17.0.2.v20220201-1208\jre\bin\jli.dll
0x00007ffa8bfc0000 - 0x00007ffa8c160000 	C:\WINDOWS\System32\USER32.dll
0x00007ffa8b0f0000 - 0x00007ffa8b112000 	C:\WINDOWS\System32\win32u.dll
0x00007ffa8d270000 - 0x00007ffa8d29a000 	C:\WINDOWS\System32\GDI32.dll
0x00007ffa8b190000 - 0x00007ffa8b29b000 	C:\WINDOWS\System32\gdi32full.dll
0x00007ffa8b500000 - 0x00007ffa8b59d000 	C:\WINDOWS\System32\msvcp_win.dll
0x00007ffa76400000 - 0x00007ffa7669a000 	C:\WINDOWS\WinSxS\amd64_microsoft.windows.common-controls_6595b64144ccf1df_6.0.19041.1110_none_60b5254171f9507e\COMCTL32.dll
0x00007ffa8bf10000 - 0x00007ffa8bfae000 	C:\WINDOWS\System32\msvcrt.dll
0x00007ffa8bc80000 - 0x00007ffa8bcb0000 	C:\WINDOWS\System32\IMM32.DLL
0x00007ffa86d80000 - 0x00007ffa86d8c000 	D:\dev\tools\eclipse\spring-tool-suite-4-4.14.0.RELEASE-e4.23.0-win32.win32.x86_64.self-extracting\sts-4.14.0.RELEASE\plugins\org.eclipse.justj.openjdk.hotspot.jre.full.win32.x86_64_17.0.2.v20220201-1208\jre\bin\vcruntime140_1.dll
0x00007ffa557a0000 - 0x00007ffa55831000 	D:\dev\tools\eclipse\spring-tool-suite-4-4.14.0.RELEASE-e4.23.0-win32.win32.x86_64.self-extracting\sts-4.14.0.RELEASE\plugins\org.eclipse.justj.openjdk.hotspot.jre.full.win32.x86_64_17.0.2.v20220201-1208\jre\bin\msvcp140.dll
0x00007ffa37a50000 - 0x00007ffa38697000 	D:\dev\tools\eclipse\spring-tool-suite-4-4.14.0.RELEASE-e4.23.0-win32.win32.x86_64.self-extracting\sts-4.14.0.RELEASE\plugins\org.eclipse.justj.openjdk.hotspot.jre.full.win32.x86_64_17.0.2.v20220201-1208\jre\bin\server\jvm.dll
0x00007ffa8d750000 - 0x00007ffa8d7fe000 	C:\WINDOWS\System32\ADVAPI32.dll
0x00007ffa8bcb0000 - 0x00007ffa8bd4c000 	C:\WINDOWS\System32\sechost.dll
0x00007ffa8bb50000 - 0x00007ffa8bc75000 	C:\WINDOWS\System32\RPCRT4.dll
0x00007ffa8bfb0000 - 0x00007ffa8bfb8000 	C:\WINDOWS\System32\PSAPI.DLL
0x00007ffa7c850000 - 0x00007ffa7c877000 	C:\WINDOWS\SYSTEM32\WINMM.dll
0x00007ffa755a0000 - 0x00007ffa755a9000 	C:\WINDOWS\SYSTEM32\WSOCK32.dll
0x00007ffa85960000 - 0x00007ffa8596a000 	C:\WINDOWS\SYSTEM32\VERSION.dll
0x00007ffa8d200000 - 0x00007ffa8d26b000 	C:\WINDOWS\System32\WS2_32.dll
0x00007ffa89020000 - 0x00007ffa89032000 	C:\WINDOWS\SYSTEM32\kernel.appcore.dll
0x00007ffa86720000 - 0x00007ffa8672a000 	D:\dev\tools\eclipse\spring-tool-suite-4-4.14.0.RELEASE-e4.23.0-win32.win32.x86_64.self-extracting\sts-4.14.0.RELEASE\plugins\org.eclipse.justj.openjdk.hotspot.jre.full.win32.x86_64_17.0.2.v20220201-1208\jre\bin\jimage.dll
0x00007ffa785a0000 - 0x00007ffa78784000 	C:\WINDOWS\SYSTEM32\DBGHELP.DLL
0x00007ffa74060000 - 0x00007ffa7408c000 	C:\WINDOWS\SYSTEM32\dbgcore.DLL
0x00007ffa8b5d0000 - 0x00007ffa8b652000 	C:\WINDOWS\System32\bcryptPrimitives.dll
0x00007ffa85780000 - 0x00007ffa857bb000 	D:\dev\tools\eclipse\spring-tool-suite-4-4.14.0.RELEASE-e4.23.0-win32.win32.x86_64.self-extracting\sts-4.14.0.RELEASE\plugins\org.eclipse.justj.openjdk.hotspot.jre.full.win32.x86_64_17.0.2.v20220201-1208\jre\bin\jdwp.dll
0x00007ffa888f0000 - 0x00007ffa888fe000 	D:\dev\tools\eclipse\spring-tool-suite-4-4.14.0.RELEASE-e4.23.0-win32.win32.x86_64.self-extracting\sts-4.14.0.RELEASE\plugins\org.eclipse.justj.openjdk.hotspot.jre.full.win32.x86_64_17.0.2.v20220201-1208\jre\bin\instrument.dll
0x00007ffa845a0000 - 0x00007ffa845c5000 	D:\dev\tools\eclipse\spring-tool-suite-4-4.14.0.RELEASE-e4.23.0-win32.win32.x86_64.self-extracting\sts-4.14.0.RELEASE\plugins\org.eclipse.justj.openjdk.hotspot.jre.full.win32.x86_64_17.0.2.v20220201-1208\jre\bin\java.dll
0x00007ffa861b0000 - 0x00007ffa861c8000 	D:\dev\tools\eclipse\spring-tool-suite-4-4.14.0.RELEASE-e4.23.0-win32.win32.x86_64.self-extracting\sts-4.14.0.RELEASE\plugins\org.eclipse.justj.openjdk.hotspot.jre.full.win32.x86_64_17.0.2.v20220201-1208\jre\bin\zip.dll
0x00007ffa8c210000 - 0x00007ffa8c954000 	C:\WINDOWS\System32\SHELL32.dll
0x00007ffa89230000 - 0x00007ffa899c4000 	C:\WINDOWS\SYSTEM32\windows.storage.dll
0x00007ffa8ce40000 - 0x00007ffa8d194000 	C:\WINDOWS\System32\combase.dll
0x00007ffa8ab60000 - 0x00007ffa8ab8c000 	C:\WINDOWS\SYSTEM32\Wldp.dll
0x00007ffa8c160000 - 0x00007ffa8c20d000 	C:\WINDOWS\System32\SHCORE.dll
0x00007ffa8cde0000 - 0x00007ffa8ce35000 	C:\WINDOWS\System32\shlwapi.dll
0x00007ffa8b030000 - 0x00007ffa8b04f000 	C:\WINDOWS\SYSTEM32\profapi.dll
0x00007ffa88920000 - 0x00007ffa8892c000 	D:\dev\tools\eclipse\spring-tool-suite-4-4.14.0.RELEASE-e4.23.0-win32.win32.x86_64.self-extracting\sts-4.14.0.RELEASE\plugins\org.eclipse.justj.openjdk.hotspot.jre.full.win32.x86_64_17.0.2.v20220201-1208\jre\bin\dt_socket.dll
0x00007ffa8a560000 - 0x00007ffa8a59b000 	C:\WINDOWS\SYSTEM32\IPHLPAPI.DLL
0x00007ffa8a8c0000 - 0x00007ffa8a92a000 	C:\WINDOWS\system32\mswsock.dll
0x00007ffa8a5b0000 - 0x00007ffa8a67b000 	C:\WINDOWS\SYSTEM32\DNSAPI.dll
0x00007ffa8d4d0000 - 0x00007ffa8d4d8000 	C:\WINDOWS\System32\NSI.dll
0x00007ffa7b5d0000 - 0x00007ffa7b5da000 	C:\Windows\System32\rasadhlp.dll
0x00007ffa77e50000 - 0x00007ffa77ecf000 	C:\WINDOWS\System32\fwpuclnt.dll
0x00007ffa8b5a0000 - 0x00007ffa8b5c7000 	C:\WINDOWS\System32\bcrypt.dll
0x00007ffa84580000 - 0x00007ffa84599000 	D:\dev\tools\eclipse\spring-tool-suite-4-4.14.0.RELEASE-e4.23.0-win32.win32.x86_64.self-extracting\sts-4.14.0.RELEASE\plugins\org.eclipse.justj.openjdk.hotspot.jre.full.win32.x86_64_17.0.2.v20220201-1208\jre\bin\net.dll
0x00007ffa7abb0000 - 0x00007ffa7acba000 	C:\WINDOWS\SYSTEM32\WINHTTP.dll
0x00007ffa84560000 - 0x00007ffa84575000 	D:\dev\tools\eclipse\spring-tool-suite-4-4.14.0.RELEASE-e4.23.0-win32.win32.x86_64.self-extracting\sts-4.14.0.RELEASE\plugins\org.eclipse.justj.openjdk.hotspot.jre.full.win32.x86_64_17.0.2.v20220201-1208\jre\bin\nio.dll
0x00007ffa86d20000 - 0x00007ffa86d29000 	D:\dev\tools\eclipse\spring-tool-suite-4-4.14.0.RELEASE-e4.23.0-win32.win32.x86_64.self-extracting\sts-4.14.0.RELEASE\plugins\org.eclipse.justj.openjdk.hotspot.jre.full.win32.x86_64_17.0.2.v20220201-1208\jre\bin\management.dll
0x00007ffa86730000 - 0x00007ffa8673b000 	D:\dev\tools\eclipse\spring-tool-suite-4-4.14.0.RELEASE-e4.23.0-win32.win32.x86_64.self-extracting\sts-4.14.0.RELEASE\plugins\org.eclipse.justj.openjdk.hotspot.jre.full.win32.x86_64_17.0.2.v20220201-1208\jre\bin\management_ext.dll
0x00007ffa73760000 - 0x00007ffa73777000 	C:\WINDOWS\system32\napinsp.dll
0x00007ffa73740000 - 0x00007ffa7375b000 	C:\WINDOWS\system32\pnrpnsp.dll
0x00007ffa73720000 - 0x00007ffa73735000 	C:\WINDOWS\system32\wshbth.dll
0x00007ffa86cf0000 - 0x00007ffa86d0d000 	C:\WINDOWS\system32\NLAapi.dll
0x00007ffa73700000 - 0x00007ffa73712000 	C:\WINDOWS\System32\winrnr.dll
0x00007ffa8aab0000 - 0x00007ffa8aac8000 	C:\WINDOWS\SYSTEM32\CRYPTSP.dll
0x00007ffa8a1d0000 - 0x00007ffa8a204000 	C:\WINDOWS\system32\rsaenh.dll
0x00007ffa8afb0000 - 0x00007ffa8afde000 	C:\WINDOWS\SYSTEM32\USERENV.dll
0x00007ffa8aad0000 - 0x00007ffa8aadc000 	C:\WINDOWS\SYSTEM32\CRYPTBASE.dll
0x00007ffa83c30000 - 0x00007ffa83c47000 	C:\WINDOWS\SYSTEM32\dhcpcsvc6.DLL
0x00007ffa84c60000 - 0x00007ffa84c7d000 	C:\WINDOWS\SYSTEM32\dhcpcsvc.DLL
0x00007ffa86310000 - 0x00007ffa86320000 	D:\dev\tools\eclipse\spring-tool-suite-4-4.14.0.RELEASE-e4.23.0-win32.win32.x86_64.self-extracting\sts-4.14.0.RELEASE\plugins\org.eclipse.justj.openjdk.hotspot.jre.full.win32.x86_64_17.0.2.v20220201-1208\jre\bin\verify.dll
0x00007ffa86d90000 - 0x00007ffa86d9e000 	D:\dev\tools\eclipse\spring-tool-suite-4-4.14.0.RELEASE-e4.23.0-win32.win32.x86_64.self-extracting\sts-4.14.0.RELEASE\plugins\org.eclipse.justj.openjdk.hotspot.jre.full.win32.x86_64_17.0.2.v20220201-1208\jre\bin\sunmscapi.dll
0x00007ffa8b3a0000 - 0x00007ffa8b4f6000 	C:\WINDOWS\System32\CRYPT32.dll
0x00007ffa8abd0000 - 0x00007ffa8abf7000 	C:\WINDOWS\SYSTEM32\ncrypt.dll
0x00007ffa8ab90000 - 0x00007ffa8abcb000 	C:\WINDOWS\SYSTEM32\NTASN1.dll
0x00007ffa865c0000 - 0x00007ffa865c7000 	C:\WINDOWS\system32\wshunix.dll

dbghelp: loaded successfully - version: 4.0.5 - missing functions: none
symbol engine: initialized successfully - sym options: 0x614 - pdb path: .;D:\dev\tools\eclipse\spring-tool-suite-4-4.14.0.RELEASE-e4.23.0-win32.win32.x86_64.self-extracting\sts-4.14.0.RELEASE\plugins\org.eclipse.justj.openjdk.hotspot.jre.full.win32.x86_64_17.0.2.v20220201-1208\jre\bin;C:\WINDOWS\SYSTEM32;C:\WINDOWS\WinSxS\amd64_microsoft.windows.common-controls_6595b64144ccf1df_6.0.19041.1110_none_60b5254171f9507e;D:\dev\tools\eclipse\spring-tool-suite-4-4.14.0.RELEASE-e4.23.0-win32.win32.x86_64.self-extracting\sts-4.14.0.RELEASE\plugins\org.eclipse.justj.openjdk.hotspot.jre.full.win32.x86_64_17.0.2.v20220201-1208\jre\bin\server

VM Arguments:
jvm_args: -XX:+ShowCodeDetailsInExceptionMessages -agentlib:jdwp=transport=dt_socket,suspend=y,address=localhost:7768 -Dcom.sun.management.jmxremote -Dcom.sun.management.jmxremote.port=7764 -Dcom.sun.management.jmxremote.authenticate=false -Dcom.sun.management.jmxremote.ssl=false -Djava.rmi.server.hostname=localhost -Dspring.jmx.enabled=true -Dspring.application.admin.enabled=true -XX:TieredStopAtLevel=1 -Dspring.boot.project.name=Brewmap -javaagent:D:\dev\tools\eclipse\spring-tool-suite-4-4.14.0.RELEASE-e4.23.0-win32.win32.x86_64.self-extracting\sts-4.14.0.RELEASE\configuration\org.eclipse.osgi\265\0\.cp\lib\javaagent-shaded.jar -Dfile.encoding=utf-8 
java_command: com.brew.MyProApplication --spring.output.ansi.enabled=always
java_class_path (initial): D:\dev\Git_Repository\Brewmap\target\classes;C:\Users\baden\.m2\repository\org\springframework\boot\spring-boot-starter-data-jpa\2.6.6\spring-boot-starter-data-jpa-2.6.6.jar;C:\Users\baden\.m2\repository\org\springframework\boot\spring-boot-starter-aop\2.6.6\spring-boot-starter-aop-2.6.6.jar;C:\Users\baden\.m2\repository\org\springframework\spring-aop\5.3.18\spring-aop-5.3.18.jar;C:\Users\baden\.m2\repository\org\aspectj\aspectjweaver\1.9.7\aspectjweaver-1.9.7.jar;C:\Users\baden\.m2\repository\org\springframework\boot\spring-boot-starter-jdbc\2.6.6\spring-boot-starter-jdbc-2.6.6.jar;C:\Users\baden\.m2\repository\com\zaxxer\HikariCP\4.0.3\HikariCP-4.0.3.jar;C:\Users\baden\.m2\repository\org\springframework\spring-jdbc\5.3.18\spring-jdbc-5.3.18.jar;C:\Users\baden\.m2\repository\jakarta\transaction\jakarta.transaction-api\1.3.3\jakarta.transaction-api-1.3.3.jar;C:\Users\baden\.m2\repository\jakarta\persistence\jakarta.persistence-api\2.2.3\jakarta.persistence-api-2.2.3.jar;C:\Users\baden\.m2\repository\org\hibernate\hibernate-core\5.6.7.Final\hibernate-core-5.6.7.Final.jar;C:\Users\baden\.m2\repository\org\jboss\logging\jboss-logging\3.4.3.Final\jboss-logging-3.4.3.Final.jar;C:\Users\baden\.m2\repository\net\bytebuddy\byte-buddy\1.11.22\byte-buddy-1.11.22.jar;C:\Users\baden\.m2\repository\antlr\antlr\2.7.7\antlr-2.7.7.jar;C:\Users\baden\.m2\repository\org\jboss\jandex\2.4.2.Final\jandex-2.4.2.Final.jar;C:\Users\baden\.m2\repository\com\fasterxml\classmate\1.5.1\classmate-1.5.1.jar;C:\Users\baden\.m2\repository\org\hibernate\common\hibernate-commons-annotations\5.1.2.Final\hibernate-commons-annotations-5.1.2.Final.jar;C:\Users\baden\.m2\repository\org\glassfish\jaxb\jaxb-runtime\2.3.6\jaxb-runtime-2.3.6.jar;C:\Users\baden\.m2\repository\org\glassfish\jaxb\txw2\2.3.6\txw2-2.3.6.jar;C:\Users\baden\.m2\repository\com\sun\istack\istack-commons-runtime\3.0.12\istack-commons-runtime-3.0.12.jar;C:\Users\baden\.m2\repository\com\sun\activation\jakar
Launcher Type: SUN_STANDARD

[Global flags]
     intx CICompilerCount                          = 12                                        {product} {ergonomic}
     uint ConcGCThreads                            = 3                                         {product} {ergonomic}
     uint G1ConcRefinementThreads                  = 13                                        {product} {ergonomic}
   size_t G1HeapRegionSize                         = 4194304                                   {product} {ergonomic}
    uintx GCDrainStackTargetSize                   = 64                                        {product} {ergonomic}
   size_t InitialHeapSize                          = 536870912                                 {product} {ergonomic}
     bool ManagementServer                         = true                                      {product} {command line}
   size_t MarkStackSize                            = 4194304                                   {product} {ergonomic}
   size_t MaxHeapSize                              = 8573157376                                {product} {ergonomic}
   size_t MaxNewSize                               = 5142216704                                {product} {ergonomic}
   size_t MinHeapDeltaBytes                        = 4194304                                   {product} {ergonomic}
   size_t MinHeapSize                              = 8388608                                   {product} {ergonomic}
    uintx NonProfiledCodeHeapSize                  = 0                                      {pd product} {ergonomic}
     bool ProfileInterpreter                       = false                                  {pd product} {command line}
    uintx ProfiledCodeHeapSize                     = 0                                      {pd product} {ergonomic}
     bool ShowCodeDetailsInExceptionMessages       = true                                   {manageable} {command line}
   size_t SoftMaxHeapSize                          = 8573157376                             {manageable} {ergonomic}
     intx TieredStopAtLevel                        = 1                                         {product} {command line}
     bool UseCompressedClassPointers               = true                           {product lp64_product} {ergonomic}
     bool UseCompressedOops                        = true                           {product lp64_product} {ergonomic}
     bool UseG1GC                                  = true                                      {product} {ergonomic}
     bool UseLargePagesIndividualAllocation        = false                                  {pd product} {ergonomic}

Logging:
Log output configuration:
 #0: stdout all=warning uptime,level,tags
 #1: stderr all=off uptime,level,tags

Environment Variables:
JAVA_HOME=C:\Program Files\Java\jdk1.8.0_321
PATH=D:\dev\tools\eclipse\spring-tool-suite-4-4.14.0.RELEASE-e4.23.0-win32.win32.x86_64.self-extracting\sts-4.14.0.RELEASE\plugins\org.eclipse.justj.openjdk.hotspot.jre.full.win32.x86_64_17.0.2.v20220201-1208\jre\bin;D:/dev/tools/eclipse/spring-tool-suite-4-4.14.0.RELEASE-e4.23.0-win32.win32.x86_64.self-extracting/sts-4.14.0.RELEASE//plugins/org.eclipse.justj.openjdk.hotspot.jre.full.win32.x86_64_17.0.2.v20220201-1208/jre/bin/server;D:/dev/tools/eclipse/spring-tool-suite-4-4.14.0.RELEASE-e4.23.0-win32.win32.x86_64.self-extracting/sts-4.14.0.RELEASE//plugins/org.eclipse.justj.openjdk.hotspot.jre.full.win32.x86_64_17.0.2.v20220201-1208/jre/bin;C:\Program Files\Java\jdk1.8.0_321\bin\;C:\Program Files\Common Files\Oracle\Java\javapath;C:\Program Files (x86)\Common Files\Oracle\Java\javapath;C:\WINDOWS;C:\Windows\System32;C:\WINDOWS\System32\Wbem;C:\WINDOWS\System32\WindowsPowerShell\v1.0\;C:\WINDOWS\System32\OpenSSH\;C:\Program Files\Git LFS;C:\Program Files\NVIDIA Corporation\NVIDIA NvDLISR;C:\Program Files (x86)\NVIDIA Corporation\PhysX\Common;C:\Users\baden\AppData\Roaming\nvm;C:\Program Files\nodejs;D:\dev\;D:\dev\Git\cmd;C:\Program Files\MySQL\MySQL Shell 8.0\bin\;C:\Program Files\Java\jdk1.8.0_321\bin\;C:\Users\baden\AppData\Local\Microsoft\WindowsApps;C:\Users\baden\AppData\Local\afreeca;C:\Users\baden\AppData\Local\GitHubDesktop\bin;C:\Program Files\Bandizip\;C:\Users\baden\AppData\Roaming\nvm;C:\Program Files\nodejs;C:\Users\baden\AppData\Roaming\npm;C:\Users\baden\AppData\Local\Programs\Microsoft VS Code\bin;C:\Users\baden\AppData\Local\atom\bin;C:\Windows\System32;;D:\dev\tools\eclipse\spring-tool-suite-4-4.14.0.RELEASE-e4.23.0-win32.win32.x86_64.self-extracting\sts-4.14.0.RELEASE;
USERNAME=baden
OS=Windows_NT
PROCESSOR_IDENTIFIER=AMD64 Family 23 Model 8 Stepping 2, AuthenticAMD



---------------  S Y S T E M  ---------------

OS:
 Windows 10 , 64 bit Build 19041 (10.0.19041.1645)
OS uptime: 2 days 14:17 hours

CPU: total 16 (initial active 16) (16 cores per cpu, 2 threads per core) family 23 model 8 stepping 2 microcode 0x0, cx8, cmov, fxsr, ht, mmx, 3dnowpref, sse, sse2, sse3, ssse3, sse4a, sse4.1, sse4.2, popcnt, lzcnt, tsc, tscinvbit, avx, avx2, aes, clmul, bmi1, bmi2, adx, sha, fma, vzeroupper, clflush, clflushopt

Memory: 4k page, system-wide physical 32688M (20367M free)
TotalPageFile size 37552M (AvailPageFile size 19259M)
current process WorkingSet (physical memory assigned to process): 298M, peak: 298M
current process commit charge ("private bytes"): 341M, peak: 645M

vm_info: OpenJDK 64-Bit Server VM (17.0.2+8) for windows-amd64 JRE (17.0.2+8), built on Jan 20 2022 04:52:34 by "" with MS VC++ 16.7 (VS2019)

END.
